<?xml version="1.0" encoding="UTF-8"?>
<!-- Generated by org.testng.reporters.JUnitReportReporter -->
<testsuite hostname="SALMAN" failures="0" tests="1" name="loginHRM.Login" time="52.220" errors="0" timestamp="2025-02-28T12:33:01 IST" skipped="0">
  <testcase classname="loginHRM.Login" name="loginTestCase01" time="52.220"/>
</testsuite> <!-- loginHRM.Login -->
