<?xml version="1.0" encoding="UTF-8"?>
<!-- Generated by org.testng.reporters.JUnitReportReporter -->
<testsuite hostname="SALMAN" failures="0" tests="1" name="loginHRM.AdminTest" time="80.446" errors="0" timestamp="2025-03-05T15:45:08 IST" skipped="0">
  <testcase classname="loginHRM.AdminTest" name="searchUser" time="80.446"/>
  <system-out/>
</testsuite> <!-- loginHRM.AdminTest -->
