<?xml version="1.0" encoding="UTF-8"?>
<!-- Generated by org.testng.reporters.JUnitReportReporter -->
<testsuite hostname="SALMAN" failures="0" tests="1" name="loginHRM.LoginTest" time="66.564" errors="0" timestamp="2025-03-04T13:21:01 IST" skipped="0">
  <testcase classname="loginHRM.LoginTest" name="loginTestCase01" time="66.564"/>
  <system-out/>
</testsuite> <!-- loginHRM.LoginTest -->
